<?xml version="1.0" encoding="UTF-8"?>
<!-- Generated by org.testng.reporters.JUnitXMLReporter -->
<testsuite ignored="0" hostname="MacBookAir" failures="0" tests="4" name="API Tests" time="2.502" errors="0" timestamp="2025-12-27T22:34:48 GMT+07:00">
  <testcase classname="tests.SeleniumHQTest" name="testGetSeleniumHQRepositories" time="1.721"/>
  <testcase classname="tests.SeleniumHQTest" name="testGetHighestRatedRepository" time="1.97"/>
  <testcase classname="tests.SeleniumHQTest" name="testRepositoryHasValidData" time="0.258"/>
  <testcase classname="tests.SeleniumHQTest" name="testGetSeleniumRepository" time="0.528"/>
</testsuite> <!-- API Tests -->
