<?xml version="1.0" encoding="UTF-8"?>
<testng-results ignored="0" total="4" passed="4" failed="0" skipped="0">
  <reporter-output>
  </reporter-output>
  <suite started-at="2025-12-27T22:34:45 GMT+07:00" name="SeleniumHQ API Test Suite" finished-at="2025-12-27T22:34:48 GMT+07:00" duration-ms="2502">
    <groups>
    </groups>
    <test started-at="2025-12-27T22:34:45 GMT+07:00" name="API Tests" finished-at="2025-12-27T22:34:48 GMT+07:00" duration-ms="2502">
      <class name="tests.SeleniumHQTest">
        <test-method is-config="true" signature="setUp()[pri:0, instance:tests.SeleniumHQTest@1a84f40f]" started-at="2025-12-27T22:34:45 GMT+07:00" name="setUp" finished-at="2025-12-27T22:34:45 GMT+07:00" duration-ms="240" status="PASS">
          <reporter-output>
          </reporter-output>
        </test-method> <!-- setUp -->
        <test-method signature="testGetSeleniumHQRepositories()[pri:0, instance:tests.SeleniumHQTest@1a84f40f]" started-at="2025-12-27T22:34:45 GMT+07:00" name="testGetSeleniumHQRepositories" finished-at="2025-12-27T22:34:47 GMT+07:00" duration-ms="1721" status="PASS">
          <reporter-output>
          </reporter-output>
        </test-method> <!-- testGetSeleniumHQRepositories -->
        <test-method signature="testGetHighestRatedRepository()[pri:0, instance:tests.SeleniumHQTest@1a84f40f]" started-at="2025-12-27T22:34:45 GMT+07:00" name="testGetHighestRatedRepository" finished-at="2025-12-27T22:34:47 GMT+07:00" duration-ms="1970" status="PASS">
          <reporter-output>
          </reporter-output>
        </test-method> <!-- testGetHighestRatedRepository -->
        <test-method signature="testGetSeleniumRepository()[pri:0, instance:tests.SeleniumHQTest@1a84f40f]" started-at="2025-12-27T22:34:47 GMT+07:00" name="testGetSeleniumRepository" finished-at="2025-12-27T22:34:48 GMT+07:00" duration-ms="528" status="PASS">
          <reporter-output>
          </reporter-output>
        </test-method> <!-- testGetSeleniumRepository -->
        <test-method signature="testRepositoryHasValidData()[pri:0, instance:tests.SeleniumHQTest@1a84f40f]" started-at="2025-12-27T22:34:47 GMT+07:00" name="testRepositoryHasValidData" finished-at="2025-12-27T22:34:48 GMT+07:00" duration-ms="258" status="PASS">
          <reporter-output>
          </reporter-output>
        </test-method> <!-- testRepositoryHasValidData -->
      </class> <!-- tests.SeleniumHQTest -->
    </test> <!-- API Tests -->
  </suite> <!-- SeleniumHQ API Test Suite -->
</testng-results>
