<?xml version="1.0" encoding="UTF-8"?>
<testsuite xmlns:xsi="http://www.w3.org/2001/XMLSchema-instance" xsi:noNamespaceSchemaLocation="https://maven.apache.org/surefire/maven-surefire-plugin/xsd/surefire-test-report-3.0.xsd" version="3.0" name="TestSuite" time="2.713" tests="4" errors="0" skipped="0" failures="0">
  <properties>
[...]
</properties>
  <testcase name="testGetSeleniumHQRepositories" classname="tests.SeleniumHQTest" time="1.726">
    <system-out><![CDATA[Found 21 repositories:
  - selbot2 (⭐14, Issues: 0)
  - fluent-selenium (⭐162, Issues: 2)
  - www.seleniumhq.org (⭐180, Issues: 0)
  - selenium (⭐33818, Issues: 236)
  - irc-logs (⭐6, Issues: 0)
  - docs (⭐124, Issues: 0)
  - docker-selenium (⭐8576, Issues: 84)
  - mobile-spec (⭐86, Issues: 5)
  - ansible-selenium (⭐68, Issues: 1)
  - htmlunit-driver (⭐262, Issues: 19)
  - selenium-google-code-issue-archive (⭐345, Issues: 595)
  - buck (⭐15, Issues: 0)
  - selenium-maven-release-test (⭐4, Issues: 0)
  - selenium-ide (⭐3062, Issues: 449)
  - heroku-selenium (⭐5, Issues: 0)
  - seleniumhq.github.io (⭐1351, Issues: 68)
  - selenium-assistant (⭐11, Issues: 0)
  - .github (⭐4, Issues: 0)
  - sosc (⭐7, Issues: 0)
  - selenium_manager_artifacts (⭐12, Issues: 0)
  - conf-archive (⭐1, Issues: 0)
]]></system-out>
    <system-err><![CDATA[SLF4J: Failed to load class "org.slf4j.impl.StaticLoggerBinder".
SLF4J: Defaulting to no-operation (NOP) logger implementation
SLF4J: See http://www.slf4j.org/codes.html#StaticLoggerBinder for further details.
]]></system-err>
  </testcase>
  <testcase name="testGetHighestRatedRepository" classname="tests.SeleniumHQTest" time="0.237">
    <system-out><![CDATA[
=== Highest Rated Repository ===
Name: selenium
Stars: 33818
URL: https://github.com/SeleniumHQ/selenium
Language: Java
Open Issues: 236
]]></system-out>
  </testcase>
  <testcase name="testRepositoryHasValidData" classname="tests.SeleniumHQTest" time="0.259"/>
  <testcase name="testGetSeleniumRepository" classname="tests.SeleniumHQTest" time="0.282">
    <system-out><![CDATA[Repository details: selenium (⭐33818, Issues: 236)
]]></system-out>
  </testcase>
</testsuite>